{
  message: 'Database Connected Successfull',
  level: 'info',
  label: 'PH',
  timestamp: '2023-07-29T10:02:58.554Z'
}
{
  message: 'Application is listening on port 5000',
  level: 'info',
  label: 'PH',
  timestamp: '2023-07-29T10:02:58.576Z'
}
{
  message: 'Database Connected Successfull',
  level: 'info',
  label: 'PH',
  timestamp: '2023-07-29T10:03:11.096Z'
}
{
  message: 'Application is listening on port 5000',
  level: 'info',
  label: 'PH',
  timestamp: '2023-07-29T10:03:11.112Z'
}
{
  message: 'Database Connected Successfull',
  level: 'info',
  label: 'PH',
  timestamp: '2023-07-29T10:10:06.709Z'
}
{
  message: 'Application is listening on port 5000',
  level: 'info',
  label: 'PH',
  timestamp: '2023-07-29T10:10:06.727Z'
}
{
  message: 'Database Connected Successfull',
  level: 'info',
  label: 'PH',
  timestamp: '2023-07-29T10:12:41.813Z'
}
{
  message: 'Application is listening on port 5000',
  level: 'info',
  label: 'PH',
  timestamp: '2023-07-29T10:12:41.835Z'
}
