{
  message: 'Database Connected Successfull',
  level: 'info',
  label: 'PH',
  timestamp: '2023-08-03T13:22:31.211Z'
}
{
  message: 'Application is listening on port 5000',
  level: 'info',
  label: 'PH',
  timestamp: '2023-08-03T13:22:31.230Z'
}
{
  message: 'Database Connected Successfull',
  level: 'info',
  label: 'PH',
  timestamp: '2023-08-03T13:32:35.877Z'
}
{
  message: 'Application is listening on port 5000',
  level: 'info',
  label: 'PH',
  timestamp: '2023-08-03T13:32:35.965Z'
}
{
  message: 'Database Connected Successfull',
  level: 'info',
  label: 'PH',
  timestamp: '2023-08-03T13:42:09.247Z'
}
{
  message: 'Application is listening on port 5000',
  level: 'info',
  label: 'PH',
  timestamp: '2023-08-03T13:42:09.273Z'
}
