{
  message: 'Database Connected Successfull',
  level: 'info',
  label: 'PH',
  timestamp: '2023-08-26T13:46:23.046Z'
}
{
  message: 'Application is listening on port 5000',
  level: 'info',
  label: 'PH',
  timestamp: '2023-08-26T13:46:23.067Z'
}
{
  message: 'Database Connected Successfull',
  level: 'info',
  label: 'PH',
  timestamp: '2023-08-26T13:52:10.660Z'
}
{
  message: 'Application is listening on port 5000',
  level: 'info',
  label: 'PH',
  timestamp: '2023-08-26T13:52:10.688Z'
}
{
  message: 'Database Connected Successfull',
  level: 'info',
  label: 'PH',
  timestamp: '2023-08-26T13:55:03.433Z'
}
{
  message: 'Application is listening on port 5000',
  level: 'info',
  label: 'PH',
  timestamp: '2023-08-26T13:55:03.447Z'
}
{
  message: 'Database Connected Successfull',
  level: 'info',
  label: 'PH',
  timestamp: '2023-08-26T13:55:06.354Z'
}
{
  message: 'Application is listening on port 5000',
  level: 'info',
  label: 'PH',
  timestamp: '2023-08-26T13:55:06.381Z'
}
{
  message: 'Database Connected Successfull',
  level: 'info',
  label: 'PH',
  timestamp: '2023-08-26T13:59:28.894Z'
}
{
  message: 'Application is listening on port 5000',
  level: 'info',
  label: 'PH',
  timestamp: '2023-08-26T13:59:28.916Z'
}
{
  message: 'Database Connected Successfull',
  level: 'info',
  label: 'PH',
  timestamp: '2023-08-26T13:59:34.252Z'
}
{
  message: 'Application is listening on port 5000',
  level: 'info',
  label: 'PH',
  timestamp: '2023-08-26T13:59:34.277Z'
}
{
  message: 'Database Connected Successfull',
  level: 'info',
  label: 'PH',
  timestamp: '2023-08-26T13:59:52.898Z'
}
{
  message: 'Application is listening on port 5000',
  level: 'info',
  label: 'PH',
  timestamp: '2023-08-26T13:59:52.926Z'
}
