{
  message: 'Database Connected Successfull',
  level: 'info',
  label: 'PH',
  timestamp: '2023-08-12T10:05:19.948Z'
}
{
  message: 'Application is listening on port 5000',
  level: 'info',
  label: 'PH',
  timestamp: '2023-08-12T10:05:19.964Z'
}
{
  message: 'Database Connected Successfull',
  level: 'info',
  label: 'PH',
  timestamp: '2023-08-12T10:05:25.614Z'
}
{
  message: 'Application is listening on port 5000',
  level: 'info',
  label: 'PH',
  timestamp: '2023-08-12T10:05:25.629Z'
}
{
  message: 'Database Connected Successfull',
  level: 'info',
  label: 'PH',
  timestamp: '2023-08-12T10:05:27.849Z'
}
{
  message: 'Application is listening on port 5000',
  level: 'info',
  label: 'PH',
  timestamp: '2023-08-12T10:05:27.893Z'
}
{
  message: 'Database Connected Successfull',
  level: 'info',
  label: 'PH',
  timestamp: '2023-08-12T10:09:50.808Z'
}
{
  message: 'Application is listening on port 5000',
  level: 'info',
  label: 'PH',
  timestamp: '2023-08-12T10:09:50.839Z'
}
