{
  message: 'Database Connected Successfull',
  level: 'info',
  label: 'PH',
  timestamp: '2023-08-14T07:56:23.688Z'
}
{
  message: 'Application is listening on port 5000',
  level: 'info',
  label: 'PH',
  timestamp: '2023-08-14T07:56:23.719Z'
}
{
  message: 'Database Connected Successfull',
  level: 'info',
  label: 'PH',
  timestamp: '2023-08-14T07:57:25.844Z'
}
{
  message: 'Application is listening on port 5000',
  level: 'info',
  label: 'PH',
  timestamp: '2023-08-14T07:57:25.855Z'
}
{
  message: 'Database Connected Successfull',
  level: 'info',
  label: 'PH',
  timestamp: '2023-08-14T07:57:34.971Z'
}
{
  message: 'Application is listening on port 5000',
  level: 'info',
  label: 'PH',
  timestamp: '2023-08-14T07:57:34.991Z'
}
