{
  level: 'error',
  label: 'PH',
  timestamp: '2023-09-01T08:03:36.890Z',
  [Symbol(errorLabels)]: Set(0) {}
}
{
  level: 'error',
  label: 'PH',
  timestamp: '2023-09-01T08:04:36.456Z',
  [Symbol(errorLabels)]: Set(0) {}
}
{
  level: 'error',
  label: 'PH',
  timestamp: '2023-09-01T08:05:16.728Z',
  [Symbol(errorLabels)]: Set(0) {}
}
{
  level: 'error',
  label: 'PH',
  timestamp: '2023-09-01T08:05:40.034Z',
  [Symbol(errorLabels)]: Set(0) {}
}
{
  level: 'error',
  label: 'PH',
  timestamp: '2023-09-01T08:06:01.250Z',
  [Symbol(errorLabels)]: Set(0) {}
}
{
  level: 'error',
  label: 'PH',
  timestamp: '2023-09-01T08:08:05.351Z',
  [Symbol(errorLabels)]: Set(0) {}
}
{
  level: 'error',
  label: 'PH',
  timestamp: '2023-09-01T08:10:37.800Z',
  [Symbol(errorLabels)]: Set(0) {}
}
{
  level: 'error',
  label: 'PH',
  timestamp: '2023-09-01T08:11:41.522Z',
  [Symbol(errorLabels)]: Set(0) {}
}
{
  level: 'error',
  label: 'PH',
  timestamp: '2023-09-01T08:12:51.970Z',
  [Symbol(errorLabels)]: Set(0) {}
}
{
  level: 'error',
  label: 'PH',
  timestamp: '2023-09-01T08:23:28.469Z',
  [Symbol(errorLabels)]: Set(0) {}
}
{
  level: 'error',
  label: 'PH',
  timestamp: '2023-09-01T08:43:33.375Z',
  [Symbol(errorLabels)]: Set(0) {}
}
{
  level: 'error',
  label: 'PH',
  timestamp: '2023-09-01T08:44:45.782Z',
  [Symbol(errorLabels)]: Set(0) {}
}
