{
  level: 'error',
  message: 'Failed to connect database Invalid scheme, expected connection string to start with "mongodb://" or "mongodb+srv://"',
  stack: 'MongoParseError: Invalid scheme, expected connection string to start with "mongodb://" or "mongodb+srv://"\n' +
    '    at new ConnectionString (C:\\Next-Level-Web-Development\\university-management-authentication-service\\node_modules\\mongodb-connection-string-url\\src\\index.ts:133:13)\n' +
    '    at parseOptions (C:\\Next-Level-Web-Development\\university-management-authentication-service\\node_modules\\mongodb\\src\\connection_string.ts:252:15)\n' +
    '    at new MongoClient (C:\\Next-Level-Web-Development\\university-management-authentication-service\\node_modules\\mongodb\\src\\mongo_client.ts:341:34)\n' +
    '    at _createMongoClient (C:\\Next-Level-Web-Development\\university-management-authentication-service\\node_modules\\mongoose\\lib\\connection.js:886:14)\n' +
    '    at NativeConnection.openUri (C:\\Next-Level-Web-Development\\university-management-authentication-service\\node_modules\\mongoose\\lib\\connection.js:741:29)\n' +
    '    at Mongoose.connect (C:\\Next-Level-Web-Development\\university-management-authentication-service\\node_modules\\mongoose\\lib\\index.js:404:15)\n' +
    '    at C:\\Next-Level-Web-Development\\university-management-authentication-service\\src\\server.ts:8:20\n' +
    '    at Generator.next (<anonymous>)\n' +
    '    at C:\\Next-Level-Web-Development\\university-management-authentication-service\\src\\server.ts:8:71\n' +
    '    at new Promise (<anonymous>)',
  label: 'PH',
  timestamp: '2023-07-18T04:19:17.423Z'
}
{
  level: 'error',
  message: 'Failed to connect database Invalid scheme, expected connection string to start with "mongodb://" or "mongodb+srv://"',
  stack: 'MongoParseError: Invalid scheme, expected connection string to start with "mongodb://" or "mongodb+srv://"\n' +
    '    at new ConnectionString (C:\\Next-Level-Web-Development\\university-management-authentication-service\\node_modules\\mongodb-connection-string-url\\src\\index.ts:133:13)\n' +
    '    at parseOptions (C:\\Next-Level-Web-Development\\university-management-authentication-service\\node_modules\\mongodb\\src\\connection_string.ts:252:15)\n' +
    '    at new MongoClient (C:\\Next-Level-Web-Development\\university-management-authentication-service\\node_modules\\mongodb\\src\\mongo_client.ts:341:34)\n' +
    '    at _createMongoClient (C:\\Next-Level-Web-Development\\university-management-authentication-service\\node_modules\\mongoose\\lib\\connection.js:886:14)\n' +
    '    at NativeConnection.openUri (C:\\Next-Level-Web-Development\\university-management-authentication-service\\node_modules\\mongoose\\lib\\connection.js:741:29)\n' +
    '    at Mongoose.connect (C:\\Next-Level-Web-Development\\university-management-authentication-service\\node_modules\\mongoose\\lib\\index.js:404:15)\n' +
    '    at C:\\Next-Level-Web-Development\\university-management-authentication-service\\src\\server.ts:8:20\n' +
    '    at Generator.next (<anonymous>)\n' +
    '    at C:\\Next-Level-Web-Development\\university-management-authentication-service\\src\\server.ts:8:71\n' +
    '    at new Promise (<anonymous>)',
  label: 'PH',
  timestamp: '2023-07-18T04:20:10.306Z'
}
